<?xml version="1.0" encoding="UTF-8"?>
<!-- Generated by org.testng.reporters.JUnitReportReporter -->
<testsuite hostname="Admin-PC" failures="0" tests="2" name="com.zerodha.testcases.PinPageTest" time="29.212" errors="0" timestamp="2020-01-01T19:35:47 IST" skipped="0">
  <testcase classname="com.zerodha.testcases.PinPageTest" name="checkPinPageIsOpened" time="13.185"/>
  <testcase classname="com.zerodha.testcases.PinPageTest" name="setPinAndContinueMethod" time="16.027"/>
</testsuite> <!-- com.zerodha.testcases.PinPageTest -->
