<?xml version="1.0" encoding="UTF-8"?>
<!-- Generated by org.testng.reporters.JUnitReportReporter -->
<testsuite hostname="Admin-PC" failures="0" tests="2" name="com.zerodha.testcases.LoginPageTest" time="28.855" errors="0" timestamp="2020-01-01T19:35:47 IST" skipped="0">
  <testcase classname="com.zerodha.testcases.LoginPageTest" name="titalCheck" time="14.266"/>
  <testcase classname="com.zerodha.testcases.LoginPageTest" name="loginMethod" time="14.589"/>
</testsuite> <!-- com.zerodha.testcases.LoginPageTest -->
